<?xml version="1.0" encoding="UTF-8"?>
<testng-results ignored="0" total="1" passed="1" failed="0" skipped="0">
  <reporter-output>
  </reporter-output>
  <suite started-at="2022-06-01T04:18:29Z" name="Default suite" finished-at="2022-06-01T04:18:57Z" duration-ms="27711">
    <groups>
      <group name="sanity">
        <method signature="CreateContactsTest.createContactsTest()[pri:0, instance:com.vtiger.contactsTest.CreateContactsTest@1b5c3e5f]" name="createContactsTest" class="com.vtiger.contactsTest.CreateContactsTest"/>
      </group> <!-- sanity -->
    </groups>
    <test started-at="2022-06-01T04:18:29Z" name="Default test" finished-at="2022-06-01T04:18:57Z" duration-ms="27711">
      <class name="com.vtiger.contactsTest.CreateContactsTest">
        <test-method is-config="true" signature="beforeSuiteTest()[pri:0, instance:com.vtiger.contactsTest.CreateContactsTest@1b5c3e5f]" started-at="2022-06-01T04:18:29Z" name="beforeSuiteTest" finished-at="2022-06-01T04:18:29Z" duration-ms="52" status="PASS">
          <reporter-output>
          </reporter-output>
        </test-method> <!-- beforeSuiteTest -->
        <test-method is-config="true" signature="beforeClassTest()[pri:0, instance:com.vtiger.contactsTest.CreateContactsTest@1b5c3e5f]" started-at="2022-06-01T04:18:29Z" name="beforeClassTest" finished-at="2022-06-01T04:18:38Z" duration-ms="8995" status="PASS">
          <reporter-output>
          </reporter-output>
        </test-method> <!-- beforeClassTest -->
        <test-method is-config="true" signature="beforeMethod1Test()[pri:0, instance:com.vtiger.contactsTest.CreateContactsTest@1b5c3e5f]" started-at="2022-06-01T04:18:38Z" name="beforeMethod1Test" finished-at="2022-06-01T04:18:43Z" duration-ms="4796" status="PASS">
          <reporter-output>
          </reporter-output>
        </test-method> <!-- beforeMethod1Test -->
        <test-method signature="createContactsTest()[pri:0, instance:com.vtiger.contactsTest.CreateContactsTest@1b5c3e5f]" started-at="2022-06-01T04:18:44Z" name="createContactsTest" description="testng:- CreateContactTest" finished-at="2022-06-01T04:18:55Z" duration-ms="11423" status="PASS">
          <reporter-output>
          </reporter-output>
        </test-method> <!-- createContactsTest -->
        <test-method is-config="true" signature="afterMethod()[pri:0, instance:com.vtiger.contactsTest.CreateContactsTest@1b5c3e5f]" started-at="2022-06-01T04:18:55Z" name="afterMethod" finished-at="2022-06-01T04:18:57Z" duration-ms="1461" status="PASS">
          <reporter-output>
          </reporter-output>
        </test-method> <!-- afterMethod -->
        <test-method is-config="true" signature="afterClassTest()[pri:0, instance:com.vtiger.contactsTest.CreateContactsTest@1b5c3e5f]" started-at="2022-06-01T04:18:57Z" name="afterClassTest" finished-at="2022-06-01T04:18:57Z" duration-ms="358" status="PASS">
          <reporter-output>
          </reporter-output>
        </test-method> <!-- afterClassTest -->
        <test-method is-config="true" signature="afterSuiteTest()[pri:0, instance:com.vtiger.contactsTest.CreateContactsTest@1b5c3e5f]" started-at="2022-06-01T04:18:57Z" name="afterSuiteTest" finished-at="2022-06-01T04:18:57Z" duration-ms="1" status="PASS">
          <reporter-output>
          </reporter-output>
        </test-method> <!-- afterSuiteTest -->
      </class> <!-- com.vtiger.contactsTest.CreateContactsTest -->
    </test> <!-- Default test -->
  </suite> <!-- Default suite -->
</testng-results>
